mode: set
github.com/atomicmeganerd/starfeed/runner/runner.go:36.40,45.2 1 1
github.com/atomicmeganerd/starfeed/runner/runner.go:50.51,61.42 6 1
github.com/atomicmeganerd/starfeed/runner/runner.go:61.42,64.3 2 1
github.com/atomicmeganerd/starfeed/runner/runner.go:67.2,69.16 3 0
github.com/atomicmeganerd/starfeed/runner/runner.go:69.16,72.3 2 0
github.com/atomicmeganerd/starfeed/runner/runner.go:75.2,87.16 5 0
github.com/atomicmeganerd/starfeed/runner/runner.go:87.16,90.3 2 0
github.com/atomicmeganerd/starfeed/runner/runner.go:91.2,99.38 4 0
github.com/atomicmeganerd/starfeed/runner/runner.go:99.38,102.3 2 0
github.com/atomicmeganerd/starfeed/runner/runner.go:103.2,103.31 1 0
github.com/atomicmeganerd/starfeed/runner/runner.go:103.31,106.3 2 0
github.com/atomicmeganerd/starfeed/runner/runner.go:107.2,111.83 3 0
github.com/atomicmeganerd/starfeed/runner/runner.go:120.3,126.47 3 0
github.com/atomicmeganerd/starfeed/runner/runner.go:126.47,129.3 2 0
github.com/atomicmeganerd/starfeed/runner/runner.go:131.2,131.39 1 0
github.com/atomicmeganerd/starfeed/runner/runner.go:131.39,134.3 2 0
github.com/atomicmeganerd/starfeed/runner/runner.go:136.2,136.66 1 0
github.com/atomicmeganerd/starfeed/runner/runner.go:136.66,139.3 2 0
github.com/atomicmeganerd/starfeed/runner/runner.go:145.23,147.31 2 1
github.com/atomicmeganerd/starfeed/runner/runner.go:147.31,148.33 1 1
github.com/atomicmeganerd/starfeed/runner/runner.go:148.33,150.4 1 1
github.com/atomicmeganerd/starfeed/runner/runner.go:150.9,152.4 1 1
github.com/atomicmeganerd/starfeed/runner/runner.go:154.2,154.20 1 1
github.com/atomicmeganerd/starfeed/runner/runner.go:162.3,166.51 2 0
github.com/atomicmeganerd/starfeed/runner/runner.go:166.51,170.48 2 0
github.com/atomicmeganerd/starfeed/runner/runner.go:170.48,172.4 1 0
